[18:32:19 - main] [Cooja.java:3172] [WARN] - JAVA_HOME environment variable not set, Cooja motes may not compile
[18:32:19 - AWT-EventQueue-0] [Cooja.java:2856] [INFO] - External tools default settings: /external_tools_linux_64.config
[18:32:19 - AWT-EventQueue-0] [Cooja.java:2886] [INFO] - External tools user settings: /home/bruno/.cooja.user.properties
[18:32:57 - AWT-EventQueue-0] [Simulation.java:422] [INFO] - Simulation random seed: 123456
[18:32:57 - AWT-EventQueue-0] [Visualizer.java:256] [INFO] - Registered external visualizer: org.contikios.cooja.plugins.skins.DGRMVisualizerSkin
[18:34:10 - AWT-EventQueue-0] [CompileContiki.java:140] [INFO] - > make border-router.z1 TARGET=z1 
[18:34:15 - AWT-EventQueue-0] [MspMote.java:235] [INFO] - Loading firmware from: /home/bruno/contiki-Edelberto/examples/ipv6/rpl-border-router/border-router.z1
[18:34:48 - AWT-EventQueue-0] [MspMote.java:235] [INFO] - Loading firmware from: /home/bruno/contiki-Edelberto/examples/ipv6/rpl-udp/udp-client.z1
[18:34:48 - AWT-EventQueue-0] [MspMote.java:235] [INFO] - Loading firmware from: /home/bruno/contiki-Edelberto/examples/ipv6/rpl-udp/udp-client.z1
[18:34:48 - AWT-EventQueue-0] [MspMote.java:235] [INFO] - Loading firmware from: /home/bruno/contiki-Edelberto/examples/ipv6/rpl-udp/udp-client.z1
[18:34:48 - AWT-EventQueue-0] [MspMote.java:235] [INFO] - Loading firmware from: /home/bruno/contiki-Edelberto/examples/ipv6/rpl-udp/udp-client.z1
[18:34:48 - AWT-EventQueue-0] [MspMote.java:235] [INFO] - Loading firmware from: /home/bruno/contiki-Edelberto/examples/ipv6/rpl-udp/udp-client.z1
[18:35:20 - Thread-2] [Simulation.java:253] [INFO] - Simulation main loop started, system time: 1540935320504
[18:36:04 - AWT-EventQueue-0] [SerialSocketServer.java:389] [INFO] - Listening on port: 60001
[18:48:02 - Thread-4] [SerialSocketServer.java:478] [INFO] - Forwarder: socket -> serial port
[18:48:02 - Thread-3] [SerialSocketServer.java:425] [INFO] - Client connected: /127.0.0.1
[18:51:00 - Thread-3] [SerialSocketServer.java:429] [INFO] - Listening thread shut down: Socket closed
[18:51:00 - Thread-4] [SerialSocketServer.java:497] [INFO] - Socket closed
[18:51:00 - Thread-4] [SerialSocketServer.java:501] [INFO] - End of Stream
[18:51:01 - AWT-EventQueue-0] [SerialSocketServer.java:389] [INFO] - Listening on port: 60001
[18:51:05 - Thread-2] [Simulation.java:312] [INFO] - Simulation main loop stopped, system time: 1540936265928	Duration: 945424 ms	Simulated time 66175936 ms	Ratio 69.99603987205741
[18:51:10 - AWT-EventQueue-0] [Cooja.java:3491] [INFO] - Saved to file: /home/bruno/UFJF_Drive/SeminarioVI/Simulacao.csc
[18:51:10 - Thread-5] [SerialSocketServer.java:429] [INFO] - Listening thread shut down: Socket closed
